
> dev
> vite --host 127.0.0.1 --port 5173

[2m10:19:03 am[22m [36m[1m[vite][22m[39m [90m[2m(client)[22m[39m Re-optimizing dependencies because vite config has changed

  [32m[1mVITE[22m v7.3.1[39m  [2mready in [0m[1m1493[22m[2m[0m ms[22m

  [32m➜[39m  [1mLocal[22m:   [36mhttp://127.0.0.1:[1m5173[22m/[39m
[2m10:20:43 am[22m [36m[1m[vite][22m[39m [90m[2m(client)[22m[39m [32m✨ new dependencies optimized: [33mworkbox-window[32m[39m
[2m10:20:43 am[22m [36m[1m[vite][22m[39m [90m[2m(client)[22m[39m [32m✨ optimized dependencies changed. reloading[39m

PWA v1.2.0
mode      generateSW
precache  2 entries (0.00 KiB)
files generated
  dev-dist/sw.js
  dev-dist/workbox-7a5e81cd.js
[2m10:26:11 am[22m [36m[1m[vite][22m[39m [90m[2m(client)[22m[39m [32mhmr update [39m[2m/src/modules/Auth.jsx, /src/index.css[22m
[2m10:27:02 am[22m [36m[1m[vite][22m[39m [90m[2m(client)[22m[39m [32mhmr update [39m[2m/src/modules/Auth.jsx, /src/index.css[22m
[2m10:36:18 am[22m [36m[1m[vite][22m[39m [90m[2m(client)[22m[39m [32mhmr update [39m[2m/src/modules/Auth.jsx, /src/index.css[22m
[2m11:18:37 am[22m [36m[1m[vite][22m[39m [90m[2m(client)[22m[39m [32mhmr update [39m[2m/src/modules/Onboarding.jsx, /src/index.css[22m
[2m11:28:05 am[22m [36m[1m[vite][22m[39m [90m[2m(client)[22m[39m [32mhmr update [39m[2m/src/modules/Onboarding.jsx, /src/index.css[22m
[2m11:35:00 am[22m [36m[1m[vite][22m[39m [90m[2m(client)[22m[39m [32mhmr update [39m[2m/src/modules/Onboarding.jsx, /src/index.css[22m
[2m2:08:49 pm[22m [36m[1m[vite][22m[39m [90m[2m(client)[22m[39m [32mhmr update [39m[2m/src/modules/Onboarding.jsx, /src/index.css[22m
[2m2:08:56 pm[22m [36m[1m[vite][22m[39m [90m[2m(client)[22m[39m [32mhmr update [39m[2m/src/modules/Onboarding.jsx, /src/index.css[22m
[2m2:21:59 pm[22m [36m[1m[vite][22m[39m [90m[2m(client)[22m[39m [32mhmr update [39m[2m/src/modules/Onboarding.jsx, /src/index.css[22m
[2m2:22:18 pm[22m [36m[1m[vite][22m[39m [90m[2m(client)[22m[39m [32mhmr update [39m[2m/src/modules/Onboarding.jsx, /src/index.css[22m
[2m2:24:31 pm[22m [36m[1m[vite][22m[39m [90m[2m(client)[22m[39m [32mhmr update [39m[2m/src/modules/Onboarding.jsx, /src/index.css[22m
[2m2:28:54 pm[22m [36m[1m[vite][22m[39m [90m[2m(client)[22m[39m [32mhmr update [39m[2m/src/modules/Onboarding.jsx, /src/index.css[22m
[2m2:30:06 pm[22m [36m[1m[vite][22m[39m [90m[2m(client)[22m[39m [32mhmr update [39m[2m/src/modules/Onboarding.jsx, /src/index.css[22m
[2m2:32:26 pm[22m [36m[1m[vite][22m[39m [90m[2m(client)[22m[39m [32mhmr update [39m[2m/src/modules/Onboarding.jsx, /src/index.css[22m
[2m2:33:30 pm[22m [36m[1m[vite][22m[39m [90m[2m(client)[22m[39m [32mhmr update [39m[2m/src/modules/Onboarding.jsx, /src/index.css[22m
[2m2:36:31 pm[22m [36m[1m[vite][22m[39m [90m[2m(client)[22m[39m [32mhmr update [39m[2m/src/modules/Onboarding.jsx, /src/index.css[22m
[2m2:37:43 pm[22m [36m[1m[vite][22m[39m [90m[2m(client)[22m[39m [32mhmr update [39m[2m/src/modules/Onboarding.jsx, /src/index.css[22m
[2m2:38:26 pm[22m [36m[1m[vite][22m[39m [90m[2m(client)[22m[39m [32mhmr update [39m[2m/src/modules/Onboarding.jsx, /src/index.css[22m
[2m2:43:38 pm[22m [36m[1m[vite][22m[39m [90m[2m(client)[22m[39m [32mhmr update [39m[2m/src/modules/Onboarding.jsx, /src/index.css[22m
[2m2:53:05 pm[22m [36m[1m[vite][22m[39m [90m[2m(client)[22m[39m [32mhmr update [39m[2m/src/modules/Onboarding.jsx, /src/index.css[22m
[2m2:53:58 pm[22m [36m[1m[vite][22m[39m [90m[2m(client)[22m[39m [32mhmr update [39m[2m/src/modules/Onboarding.jsx, /src/index.css[22m
[2m2:55:51 pm[22m [36m[1m[vite][22m[39m [90m[2m(client)[22m[39m [32mhmr update [39m[2m/src/modules/Onboarding.jsx, /src/index.css[22m
[2m2:56:02 pm[22m [36m[1m[vite][22m[39m [90m[2m(client)[22m[39m [32mhmr update [39m[2m/src/modules/Onboarding.jsx, /src/index.css[22m
[2m2:59:20 pm[22m [36m[1m[vite][22m[39m [90m[2m(client)[22m[39m [32mhmr update [39m[2m/src/modules/Doctors.jsx, /src/index.css[22m
[2m2:59:24 pm[22m [36m[1m[vite][22m[39m [90m[2m(client)[22m[39m [32mhmr update [39m[2m/src/modules/Appointments.jsx, /src/index.css[22m
[2m2:59:28 pm[22m [36m[1m[vite][22m[39m [90m[2m(client)[22m[39m [32mhmr update [39m[2m/src/index.css, /src/components/profile/ChangePasswordModal.jsx[22m
[2m3:10:40 pm[22m [36m[1m[vite][22m[39m [90m[2m(client)[22m[39m [32mhmr update [39m[2m/src/modules/Appointments.jsx, /src/index.css[22m
[2m3:10:46 pm[22m [36m[1m[vite][22m[39m [90m[2m(client)[22m[39m [32mhmr update [39m[2m/src/modules/Appointments.jsx, /src/index.css[22m
[2m3:10:49 pm[22m [36m[1m[vite][22m[39m [90m[2m(client)[22m[39m [32mhmr update [39m[2m/src/modules/Appointments.jsx, /src/index.css[22m
[2m3:11:37 pm[22m [36m[1m[vite][22m[39m [90m[2m(client)[22m[39m [32mhmr update [39m[2m/src/App.jsx, /src/modules/Auth.jsx, /src/modules/Onboarding.jsx, /src/modules/Settings.jsx, /src/modules/Patients.jsx, /src/modules/Doctors.jsx, /src/modules/Appointments.jsx, /src/components/doctor/ConsultationPad.jsx, /src/components/profile/MyAccountModal.jsx, /src/components/profile/ChangePasswordModal.jsx, /src/index.css[22m
[2m3:16:10 pm[22m [36m[1m[vite][22m[39m [90m[2m(client)[22m[39m [32mhmr update [39m[2m/src/modules/Appointments.jsx, /src/index.css[22m
[2m6:41:41 pm[22m [36m[1m[vite][22m[39m [90m[2m(client)[22m[39m [32mhmr update [39m[2m/src/App.jsx, /src/modules/Auth.jsx, /src/modules/Onboarding.jsx, /src/modules/Settings.jsx, /src/modules/Patients.jsx, /src/modules/Doctors.jsx, /src/modules/Appointments.jsx, /src/components/doctor/ConsultationPad.jsx, /src/components/profile/MyAccountModal.jsx, /src/components/profile/ChangePasswordModal.jsx, /src/index.css[22m
[2m6:41:42 pm[22m [36m[1m[vite][22m[39m [90m[2m(client)[22m[39m [32mhmr update [39m[2m/src/App.jsx, /src/modules/Auth.jsx, /src/modules/Onboarding.jsx, /src/modules/Settings.jsx, /src/modules/Patients.jsx, /src/modules/Doctors.jsx, /src/modules/Appointments.jsx, /src/components/doctor/ConsultationPad.jsx, /src/components/profile/MyAccountModal.jsx, /src/components/profile/ChangePasswordModal.jsx, /src/index.css[22m
[2m8:16:24 pm[22m [36m[1m[vite][22m[39m [90m[2m(client)[22m[39m [32mhmr update [39m[2m/src/modules/Auth.jsx, /src/index.css[22m
[2m8:16:39 pm[22m [36m[1m[vite][22m[39m [90m[2m(client)[22m[39m [32mhmr update [39m[2m/src/index.css, /src/components/ui/ModuleHeader.jsx[22m
[2m8:24:07 pm[22m [36m[1m[vite][22m[39m [90m[2m(client)[22m[39m [32mhmr update [39m[2m/src/index.css, /src/components/profile/MyAccountModal.jsx[22m
[2m8:36:35 pm[22m [36m[1m[vite][22m[39m [90m[2m(client)[22m[39m [32mhmr update [39m[2m/src/modules/Settings.jsx, /src/index.css[22m
[2m8:42:14 pm[22m [36m[1m[vite][22m[39m [90m[2m(client)[22m[39m [32mhmr update [39m[2m/src/modules/Settings.jsx, /src/index.css[22m
[2m9:04:44 pm[22m [36m[1m[vite][22m[39m [90m[2m(client)[22m[39m [32mhmr update [39m[2m/src/modules/Settings.jsx, /src/index.css[22m
[2m9:04:53 pm[22m [36m[1m[vite][22m[39m [90m[2m(client)[22m[39m [32mhmr update [39m[2m/src/modules/Auth.jsx, /src/index.css[22m
[2m9:05:03 pm[22m [36m[1m[vite][22m[39m [90m[2m(client)[22m[39m [32mhmr update [39m[2m/src/modules/Auth.jsx, /src/index.css[22m
[2m9:11:36 pm[22m [36m[1m[vite][22m[39m [90m[2m(client)[22m[39m [32mhmr update [39m[2m/src/modules/Auth.jsx, /src/index.css[22m
[2m9:16:12 pm[22m [36m[1m[vite][22m[39m [90m[2m(client)[22m[39m [32mhmr update [39m[2m/src/modules/Auth.jsx, /src/index.css[22m
[2m9:19:06 pm[22m [36m[1m[vite][22m[39m [90m[2m(client)[22m[39m [32mhmr update [39m[2m/src/modules/Auth.jsx, /src/index.css[22m
[2m9:23:45 pm[22m [36m[1m[vite][22m[39m [90m[2m(client)[22m[39m [32mhmr update [39m[2m/src/modules/Auth.jsx, /src/index.css[22m
[2m9:29:31 pm[22m [36m[1m[vite][22m[39m [90m[2m(client)[22m[39m [32mhmr update [39m[2m/src/modules/Auth.jsx, /src/index.css[22m
[2m9:37:17 pm[22m [36m[1m[vite][22m[39m [32mvite.config.js changed, restarting server...[39m
[2m9:37:17 pm[22m [36m[1m[vite][22m[39m server restarted.
[2m9:43:10 pm[22m [36m[1m[vite][22m[39m [90m[2m(client)[22m[39m [32mhmr update [39m[2m/src/components/ui/UpdatePrompt.jsx, /src/index.css[22m
[2m9:43:19 pm[22m [36m[1m[vite][22m[39m [90m[2m(client)[22m[39m [32mhmr update [39m[2m/src/App.jsx, /src/index.css[22m
